[INFO ] [2018-04-26 22:47:32] com.diyiliu.Application [50] - Starting Application on DESKTOP-20MVDTK with PID 2688 (D:\Work\Workspace\java\dyl-admin-v3\out\production\classes started by DIYILIU in D:\Work\Workspace\java\dyl-admin-v3)
[INFO ] [2018-04-26 22:47:32] com.diyiliu.Application [656] - The following profiles are active: dev
[INFO ] [2018-04-26 22:47:32] org.springframework.boot.web.servlet.context.AnnotationConfigServletWebServerApplicationContext [589] - Refreshing org.springframework.boot.web.servlet.context.AnnotationConfigServletWebServerApplicationContext@a3d8174: startup date [Thu Apr 26 22:47:32 CST 2018]; root of context hierarchy
[INFO ] [2018-04-26 22:47:33] org.springframework.context.support.PostProcessorRegistrationDelegate$BeanPostProcessorChecker [328] - Bean 'org.springframework.transaction.annotation.ProxyTransactionManagementConfiguration' of type [org.springframework.transaction.annotation.ProxyTransactionManagementConfiguration$$EnhancerBySpringCGLIB$$bb0849ee] is not eligible for getting processed by all BeanPostProcessors (for example: not eligible for auto-proxying)
[INFO ] [2018-04-26 22:47:33] org.springframework.boot.web.embedded.tomcat.TomcatWebServer [91] - Tomcat initialized with port(s): 8080 (http)
[INFO ] [2018-04-26 22:47:33] org.apache.coyote.http11.Http11NioProtocol [180] - Initializing ProtocolHandler ["http-nio-8080"]
[INFO ] [2018-04-26 22:47:33] org.apache.catalina.core.StandardService [180] - Starting service [Tomcat]
[INFO ] [2018-04-26 22:47:33] org.apache.catalina.core.StandardEngine [180] - Starting Servlet Engine: Apache Tomcat/8.5.28
[INFO ] [2018-04-26 22:47:33] org.apache.catalina.core.AprLifecycleListener [180] - The APR based Apache Tomcat Native library which allows optimal performance in production environments was not found on the java.library.path: [D:\Work\Develop\Java\jdk1.8.0_45\bin;C:\Windows\Sun\Java\bin;C:\Windows\system32;C:\Windows;C:\ProgramData\Oracle\Java\javapath;C:\Windows\system32;C:\Windows;C:\Windows\System32\Wbem;C:\Windows\System32\WindowsPowerShell\v1.0\;D:\Work\Develop\Java\jdk1.8.0_45\bin;D:\Work\Develop\Apache\maven\apache-maven-3.5.0\bin;C:\Program Files\Git\cmd;D:\Work\Develop\Gradle\gradle-3.5\bin;C:\Program Files\MySQL\MySQL Utilities 1.6\;C:\Users\DIYILIU\AppData\Local\Microsoft\WindowsApps;;C:\Program Files (x86)\Fiddler2;.]
[INFO ] [2018-04-26 22:47:33] org.apache.catalina.core.ContainerBase.[Tomcat].[localhost].[/] [180] - Initializing Spring embedded WebApplicationContext
[INFO ] [2018-04-26 22:47:33] org.springframework.web.context.ContextLoader [285] - Root WebApplicationContext: initialization completed in 934 ms
[INFO ] [2018-04-26 22:47:34] org.springframework.boot.web.servlet.ServletRegistrationBean [185] - Servlet dispatcherServlet mapped to [/]
[INFO ] [2018-04-26 22:47:34] org.springframework.boot.web.servlet.FilterRegistrationBean [243] - Mapping filter: 'characterEncodingFilter' to: [/*]
[INFO ] [2018-04-26 22:47:34] org.springframework.boot.web.servlet.FilterRegistrationBean [243] - Mapping filter: 'hiddenHttpMethodFilter' to: [/*]
[INFO ] [2018-04-26 22:47:34] org.springframework.boot.web.servlet.FilterRegistrationBean [243] - Mapping filter: 'httpPutFormContentFilter' to: [/*]
[INFO ] [2018-04-26 22:47:34] org.springframework.boot.web.servlet.FilterRegistrationBean [243] - Mapping filter: 'requestContextFilter' to: [/*]
[INFO ] [2018-04-26 22:47:34] org.springframework.boot.web.servlet.FilterRegistrationBean [243] - Mapping filter: 'httpTraceFilter' to: [/*]
[INFO ] [2018-04-26 22:47:34] org.springframework.boot.web.servlet.FilterRegistrationBean [243] - Mapping filter: 'webMvcMetricsFilter' to: [/*]
[INFO ] [2018-04-26 22:47:34] com.alibaba.druid.pool.DruidDataSource [106] - {dataSource-1} inited
[INFO ] [2018-04-26 22:47:34] org.springframework.orm.jpa.LocalContainerEntityManagerFactoryBean [361] - Building JPA container EntityManagerFactory for persistence unit 'default'
[INFO ] [2018-04-26 22:47:34] org.hibernate.jpa.internal.util.LogHelper [31] - HHH000204: Processing PersistenceUnitInfo [
	name: default
	...]
[INFO ] [2018-04-26 22:47:34] org.hibernate.Version [45] - HHH000412: Hibernate Core {5.2.14.Final}
[INFO ] [2018-04-26 22:47:34] org.hibernate.cfg.Environment [213] - HHH000206: hibernate.properties not found
[INFO ] [2018-04-26 22:47:34] org.hibernate.annotations.common.Version [66] - HCANN000001: Hibernate Commons Annotations {5.0.1.Final}
[INFO ] [2018-04-26 22:47:34] org.hibernate.dialect.Dialect [157] - HHH000400: Using dialect: org.hibernate.dialect.MySQL5Dialect
[INFO ] [2018-04-26 22:47:34] org.springframework.orm.jpa.LocalContainerEntityManagerFactoryBean [394] - Initialized JPA EntityManagerFactory for persistence unit 'default'
[INFO ] [2018-04-26 22:47:34] org.springframework.web.servlet.mvc.method.annotation.RequestMappingHandlerAdapter [567] - Looking for @ControllerAdvice: org.springframework.boot.web.servlet.context.AnnotationConfigServletWebServerApplicationContext@a3d8174: startup date [Thu Apr 26 22:47:32 CST 2018]; root of context hierarchy
[INFO ] [2018-04-26 22:47:34] org.springframework.web.servlet.mvc.method.annotation.RequestMappingHandlerMapping [548] - Mapped "{[/],methods=[GET]}" onto public java.lang.String com.diyiliu.web.home.HomeController.index()
[INFO ] [2018-04-26 22:47:34] org.springframework.web.servlet.mvc.method.annotation.RequestMappingHandlerMapping [548] - Mapped "{[/error]}" onto public org.springframework.http.ResponseEntity<java.util.Map<java.lang.String, java.lang.Object>> org.springframework.boot.autoconfigure.web.servlet.error.BasicErrorController.error(javax.servlet.http.HttpServletRequest)
[INFO ] [2018-04-26 22:47:34] org.springframework.web.servlet.mvc.method.annotation.RequestMappingHandlerMapping [548] - Mapped "{[/error],produces=[text/html]}" onto public org.springframework.web.servlet.ModelAndView org.springframework.boot.autoconfigure.web.servlet.error.BasicErrorController.errorHtml(javax.servlet.http.HttpServletRequest,javax.servlet.http.HttpServletResponse)
[INFO ] [2018-04-26 22:47:34] org.springframework.web.servlet.handler.SimpleUrlHandlerMapping [373] - Mapped URL path [/webjars/**] onto handler of type [class org.springframework.web.servlet.resource.ResourceHttpRequestHandler]
[INFO ] [2018-04-26 22:47:34] org.springframework.web.servlet.handler.SimpleUrlHandlerMapping [373] - Mapped URL path [/static/**] onto handler of type [class org.springframework.web.servlet.resource.ResourceHttpRequestHandler]
[INFO ] [2018-04-26 22:47:34] org.springframework.web.servlet.handler.SimpleUrlHandlerMapping [373] - Mapped URL path [/**/favicon.ico] onto handler of type [class org.springframework.web.servlet.resource.ResourceHttpRequestHandler]
[INFO ] [2018-04-26 22:47:34] org.springframework.boot.autoconfigure.web.servlet.WelcomePageHandlerMapping [61] - Adding welcome page template: index
[INFO ] [2018-04-26 22:47:35] org.springframework.boot.actuate.endpoint.web.servlet.WebMvcEndpointHandlerMapping [548] - Mapped "{[/actuator/health],methods=[GET],produces=[application/vnd.spring-boot.actuator.v2+json || application/json]}" onto public java.lang.Object org.springframework.boot.actuate.endpoint.web.servlet.AbstractWebMvcEndpointHandlerMapping$OperationHandler.handle(javax.servlet.http.HttpServletRequest,java.util.Map<java.lang.String, java.lang.String>)
[INFO ] [2018-04-26 22:47:35] org.springframework.boot.actuate.endpoint.web.servlet.WebMvcEndpointHandlerMapping [548] - Mapped "{[/actuator/info],methods=[GET],produces=[application/vnd.spring-boot.actuator.v2+json || application/json]}" onto public java.lang.Object org.springframework.boot.actuate.endpoint.web.servlet.AbstractWebMvcEndpointHandlerMapping$OperationHandler.handle(javax.servlet.http.HttpServletRequest,java.util.Map<java.lang.String, java.lang.String>)
[INFO ] [2018-04-26 22:47:35] org.springframework.boot.actuate.endpoint.web.servlet.WebMvcEndpointHandlerMapping [548] - Mapped "{[/actuator],methods=[GET],produces=[application/vnd.spring-boot.actuator.v2+json || application/json]}" onto protected java.util.Map<java.lang.String, java.util.Map<java.lang.String, org.springframework.boot.actuate.endpoint.web.Link>> org.springframework.boot.actuate.endpoint.web.servlet.WebMvcEndpointHandlerMapping.links(javax.servlet.http.HttpServletRequest,javax.servlet.http.HttpServletResponse)
[INFO ] [2018-04-26 22:47:35] org.springframework.jmx.export.annotation.AnnotationMBeanExporter [434] - Registering beans for JMX exposure on startup
[INFO ] [2018-04-26 22:47:35] org.springframework.jmx.export.annotation.AnnotationMBeanExporter [896] - Bean with name 'dataSource' has been autodetected for JMX exposure
[INFO ] [2018-04-26 22:47:35] org.springframework.jmx.export.annotation.AnnotationMBeanExporter [669] - Located MBean 'dataSource': registering with JMX server as MBean [com.alibaba.druid.pool:name=dataSource,type=DruidDataSource]
[INFO ] [2018-04-26 22:47:35] org.apache.coyote.http11.Http11NioProtocol [180] - Starting ProtocolHandler ["http-nio-8080"]
[INFO ] [2018-04-26 22:47:35] org.apache.tomcat.util.net.NioSelectorPool [180] - Using a shared selector for servlet write/read
[INFO ] [2018-04-26 22:47:35] org.springframework.boot.web.embedded.tomcat.TomcatWebServer [205] - Tomcat started on port(s): 8080 (http) with context path ''
[INFO ] [2018-04-26 22:47:35] com.diyiliu.Application [59] - Started Application in 3.061 seconds (JVM running for 4.272)
[INFO ] [2018-04-26 22:47:36] org.apache.catalina.core.ContainerBase.[Tomcat].[localhost].[/] [180] - Initializing Spring FrameworkServlet 'dispatcherServlet'
[INFO ] [2018-04-26 22:47:36] org.springframework.web.servlet.DispatcherServlet [494] - FrameworkServlet 'dispatcherServlet': initialization started
[INFO ] [2018-04-26 22:47:36] org.springframework.web.servlet.DispatcherServlet [513] - FrameworkServlet 'dispatcherServlet': initialization completed in 11 ms
[INFO ] [2018-04-26 22:55:11] com.diyiliu.Application [50] - Starting Application on DESKTOP-20MVDTK with PID 13276 (D:\Work\Workspace\java\dyl-admin-v3\out\production\classes started by DIYILIU in D:\Work\Workspace\java\dyl-admin-v3)
[INFO ] [2018-04-26 22:55:11] com.diyiliu.Application [656] - The following profiles are active: dev
[INFO ] [2018-04-26 22:55:11] org.springframework.boot.web.servlet.context.AnnotationConfigServletWebServerApplicationContext [589] - Refreshing org.springframework.boot.web.servlet.context.AnnotationConfigServletWebServerApplicationContext@429bffaa: startup date [Thu Apr 26 22:55:11 CST 2018]; root of context hierarchy
[INFO ] [2018-04-26 22:55:11] org.springframework.context.support.PostProcessorRegistrationDelegate$BeanPostProcessorChecker [328] - Bean 'org.springframework.transaction.annotation.ProxyTransactionManagementConfiguration' of type [org.springframework.transaction.annotation.ProxyTransactionManagementConfiguration$$EnhancerBySpringCGLIB$$6d725ae0] is not eligible for getting processed by all BeanPostProcessors (for example: not eligible for auto-proxying)
[INFO ] [2018-04-26 22:55:12] org.springframework.boot.web.embedded.tomcat.TomcatWebServer [91] - Tomcat initialized with port(s): 8080 (http)
[INFO ] [2018-04-26 22:55:12] org.apache.coyote.http11.Http11NioProtocol [180] - Initializing ProtocolHandler ["http-nio-8080"]
[INFO ] [2018-04-26 22:55:12] org.apache.catalina.core.StandardService [180] - Starting service [Tomcat]
[INFO ] [2018-04-26 22:55:12] org.apache.catalina.core.StandardEngine [180] - Starting Servlet Engine: Apache Tomcat/8.5.28
[INFO ] [2018-04-26 22:55:12] org.apache.catalina.core.AprLifecycleListener [180] - The APR based Apache Tomcat Native library which allows optimal performance in production environments was not found on the java.library.path: [D:\Work\Develop\Java\jdk1.8.0_45\bin;C:\Windows\Sun\Java\bin;C:\Windows\system32;C:\Windows;C:\ProgramData\Oracle\Java\javapath;C:\Windows\system32;C:\Windows;C:\Windows\System32\Wbem;C:\Windows\System32\WindowsPowerShell\v1.0\;D:\Work\Develop\Java\jdk1.8.0_45\bin;D:\Work\Develop\Apache\maven\apache-maven-3.5.0\bin;C:\Program Files\Git\cmd;D:\Work\Develop\Gradle\gradle-3.5\bin;C:\Program Files\MySQL\MySQL Utilities 1.6\;C:\Users\DIYILIU\AppData\Local\Microsoft\WindowsApps;;C:\Program Files (x86)\Fiddler2;.]
[INFO ] [2018-04-26 22:55:12] org.apache.catalina.core.ContainerBase.[Tomcat].[localhost].[/] [180] - Initializing Spring embedded WebApplicationContext
[INFO ] [2018-04-26 22:55:12] org.springframework.web.context.ContextLoader [285] - Root WebApplicationContext: initialization completed in 938 ms
[INFO ] [2018-04-26 22:55:12] org.springframework.boot.web.servlet.ServletRegistrationBean [185] - Servlet dispatcherServlet mapped to [/]
[INFO ] [2018-04-26 22:55:12] org.springframework.boot.web.servlet.FilterRegistrationBean [243] - Mapping filter: 'characterEncodingFilter' to: [/*]
[INFO ] [2018-04-26 22:55:12] org.springframework.boot.web.servlet.FilterRegistrationBean [243] - Mapping filter: 'hiddenHttpMethodFilter' to: [/*]
[INFO ] [2018-04-26 22:55:12] org.springframework.boot.web.servlet.FilterRegistrationBean [243] - Mapping filter: 'httpPutFormContentFilter' to: [/*]
[INFO ] [2018-04-26 22:55:12] org.springframework.boot.web.servlet.FilterRegistrationBean [243] - Mapping filter: 'requestContextFilter' to: [/*]
[INFO ] [2018-04-26 22:55:12] org.springframework.boot.web.servlet.FilterRegistrationBean [243] - Mapping filter: 'httpTraceFilter' to: [/*]
[INFO ] [2018-04-26 22:55:12] org.springframework.boot.web.servlet.FilterRegistrationBean [243] - Mapping filter: 'webMvcMetricsFilter' to: [/*]
[INFO ] [2018-04-26 22:55:12] com.alibaba.druid.pool.DruidDataSource [106] - {dataSource-1} inited
[INFO ] [2018-04-26 22:55:12] org.springframework.orm.jpa.LocalContainerEntityManagerFactoryBean [361] - Building JPA container EntityManagerFactory for persistence unit 'default'
[INFO ] [2018-04-26 22:55:12] org.hibernate.jpa.internal.util.LogHelper [31] - HHH000204: Processing PersistenceUnitInfo [
	name: default
	...]
[INFO ] [2018-04-26 22:55:12] org.hibernate.Version [45] - HHH000412: Hibernate Core {5.2.14.Final}
[INFO ] [2018-04-26 22:55:12] org.hibernate.cfg.Environment [213] - HHH000206: hibernate.properties not found
[INFO ] [2018-04-26 22:55:12] org.hibernate.annotations.common.Version [66] - HCANN000001: Hibernate Commons Annotations {5.0.1.Final}
[INFO ] [2018-04-26 22:55:12] org.hibernate.dialect.Dialect [157] - HHH000400: Using dialect: org.hibernate.dialect.MySQL5Dialect
[INFO ] [2018-04-26 22:55:13] org.springframework.orm.jpa.LocalContainerEntityManagerFactoryBean [394] - Initialized JPA EntityManagerFactory for persistence unit 'default'
[INFO ] [2018-04-26 22:55:13] org.springframework.web.servlet.mvc.method.annotation.RequestMappingHandlerAdapter [567] - Looking for @ControllerAdvice: org.springframework.boot.web.servlet.context.AnnotationConfigServletWebServerApplicationContext@429bffaa: startup date [Thu Apr 26 22:55:11 CST 2018]; root of context hierarchy
[INFO ] [2018-04-26 22:55:13] org.springframework.web.servlet.mvc.method.annotation.RequestMappingHandlerMapping [548] - Mapped "{[/],methods=[GET]}" onto public java.lang.String com.diyiliu.web.home.HomeController.index()
[INFO ] [2018-04-26 22:55:13] org.springframework.web.servlet.mvc.method.annotation.RequestMappingHandlerMapping [548] - Mapped "{[/error]}" onto public org.springframework.http.ResponseEntity<java.util.Map<java.lang.String, java.lang.Object>> org.springframework.boot.autoconfigure.web.servlet.error.BasicErrorController.error(javax.servlet.http.HttpServletRequest)
[INFO ] [2018-04-26 22:55:13] org.springframework.web.servlet.mvc.method.annotation.RequestMappingHandlerMapping [548] - Mapped "{[/error],produces=[text/html]}" onto public org.springframework.web.servlet.ModelAndView org.springframework.boot.autoconfigure.web.servlet.error.BasicErrorController.errorHtml(javax.servlet.http.HttpServletRequest,javax.servlet.http.HttpServletResponse)
[INFO ] [2018-04-26 22:55:13] org.springframework.web.servlet.handler.SimpleUrlHandlerMapping [373] - Mapped URL path [/webjars/**] onto handler of type [class org.springframework.web.servlet.resource.ResourceHttpRequestHandler]
[INFO ] [2018-04-26 22:55:13] org.springframework.web.servlet.handler.SimpleUrlHandlerMapping [373] - Mapped URL path [/static/**] onto handler of type [class org.springframework.web.servlet.resource.ResourceHttpRequestHandler]
[INFO ] [2018-04-26 22:55:13] org.springframework.web.servlet.handler.SimpleUrlHandlerMapping [373] - Mapped URL path [/**/favicon.ico] onto handler of type [class org.springframework.web.servlet.resource.ResourceHttpRequestHandler]
[INFO ] [2018-04-26 22:55:13] org.springframework.boot.autoconfigure.web.servlet.WelcomePageHandlerMapping [61] - Adding welcome page template: index
[INFO ] [2018-04-26 22:55:13] org.springframework.boot.actuate.endpoint.web.servlet.WebMvcEndpointHandlerMapping [548] - Mapped "{[/actuator/health],methods=[GET],produces=[application/vnd.spring-boot.actuator.v2+json || application/json]}" onto public java.lang.Object org.springframework.boot.actuate.endpoint.web.servlet.AbstractWebMvcEndpointHandlerMapping$OperationHandler.handle(javax.servlet.http.HttpServletRequest,java.util.Map<java.lang.String, java.lang.String>)
[INFO ] [2018-04-26 22:55:13] org.springframework.boot.actuate.endpoint.web.servlet.WebMvcEndpointHandlerMapping [548] - Mapped "{[/actuator/info],methods=[GET],produces=[application/vnd.spring-boot.actuator.v2+json || application/json]}" onto public java.lang.Object org.springframework.boot.actuate.endpoint.web.servlet.AbstractWebMvcEndpointHandlerMapping$OperationHandler.handle(javax.servlet.http.HttpServletRequest,java.util.Map<java.lang.String, java.lang.String>)
[INFO ] [2018-04-26 22:55:13] org.springframework.boot.actuate.endpoint.web.servlet.WebMvcEndpointHandlerMapping [548] - Mapped "{[/actuator],methods=[GET],produces=[application/vnd.spring-boot.actuator.v2+json || application/json]}" onto protected java.util.Map<java.lang.String, java.util.Map<java.lang.String, org.springframework.boot.actuate.endpoint.web.Link>> org.springframework.boot.actuate.endpoint.web.servlet.WebMvcEndpointHandlerMapping.links(javax.servlet.http.HttpServletRequest,javax.servlet.http.HttpServletResponse)
[INFO ] [2018-04-26 22:55:13] org.springframework.jmx.export.annotation.AnnotationMBeanExporter [434] - Registering beans for JMX exposure on startup
[INFO ] [2018-04-26 22:55:13] org.springframework.jmx.export.annotation.AnnotationMBeanExporter [896] - Bean with name 'dataSource' has been autodetected for JMX exposure
[INFO ] [2018-04-26 22:55:13] org.springframework.jmx.export.annotation.AnnotationMBeanExporter [669] - Located MBean 'dataSource': registering with JMX server as MBean [com.alibaba.druid.pool:name=dataSource,type=DruidDataSource]
[INFO ] [2018-04-26 22:55:13] org.apache.coyote.http11.Http11NioProtocol [180] - Starting ProtocolHandler ["http-nio-8080"]
[INFO ] [2018-04-26 22:55:13] org.apache.tomcat.util.net.NioSelectorPool [180] - Using a shared selector for servlet write/read
[INFO ] [2018-04-26 22:55:13] org.springframework.boot.web.embedded.tomcat.TomcatWebServer [205] - Tomcat started on port(s): 8080 (http) with context path ''
[INFO ] [2018-04-26 22:55:13] com.diyiliu.Application [59] - Started Application in 3.043 seconds (JVM running for 3.521)
[INFO ] [2018-04-26 22:55:14] org.apache.catalina.core.ContainerBase.[Tomcat].[localhost].[/] [180] - Initializing Spring FrameworkServlet 'dispatcherServlet'
[INFO ] [2018-04-26 22:55:14] org.springframework.web.servlet.DispatcherServlet [494] - FrameworkServlet 'dispatcherServlet': initialization started
[INFO ] [2018-04-26 22:55:14] org.springframework.web.servlet.DispatcherServlet [513] - FrameworkServlet 'dispatcherServlet': initialization completed in 11 ms
[INFO ] [2018-04-26 22:58:05] com.diyiliu.Application [50] - Starting Application on DESKTOP-20MVDTK with PID 5488 (D:\Work\Workspace\java\dyl-admin-v3\out\production\classes started by DIYILIU in D:\Work\Workspace\java\dyl-admin-v3)
[INFO ] [2018-04-26 22:58:05] com.diyiliu.Application [656] - The following profiles are active: dev
[INFO ] [2018-04-26 22:58:05] org.springframework.boot.web.servlet.context.AnnotationConfigServletWebServerApplicationContext [589] - Refreshing org.springframework.boot.web.servlet.context.AnnotationConfigServletWebServerApplicationContext@7e5afaa6: startup date [Thu Apr 26 22:58:05 CST 2018]; root of context hierarchy
[INFO ] [2018-04-26 22:58:06] org.springframework.context.support.PostProcessorRegistrationDelegate$BeanPostProcessorChecker [328] - Bean 'org.springframework.transaction.annotation.ProxyTransactionManagementConfiguration' of type [org.springframework.transaction.annotation.ProxyTransactionManagementConfiguration$$EnhancerBySpringCGLIB$$d26590f0] is not eligible for getting processed by all BeanPostProcessors (for example: not eligible for auto-proxying)
[INFO ] [2018-04-26 22:58:06] org.springframework.boot.web.embedded.tomcat.TomcatWebServer [91] - Tomcat initialized with port(s): 8080 (http)
[INFO ] [2018-04-26 22:58:06] org.apache.coyote.http11.Http11NioProtocol [180] - Initializing ProtocolHandler ["http-nio-8080"]
[INFO ] [2018-04-26 22:58:06] org.apache.catalina.core.StandardService [180] - Starting service [Tomcat]
[INFO ] [2018-04-26 22:58:06] org.apache.catalina.core.StandardEngine [180] - Starting Servlet Engine: Apache Tomcat/8.5.28
[INFO ] [2018-04-26 22:58:06] org.apache.catalina.core.AprLifecycleListener [180] - The APR based Apache Tomcat Native library which allows optimal performance in production environments was not found on the java.library.path: [D:\Work\Develop\Java\jdk1.8.0_45\bin;C:\Windows\Sun\Java\bin;C:\Windows\system32;C:\Windows;C:\ProgramData\Oracle\Java\javapath;C:\Windows\system32;C:\Windows;C:\Windows\System32\Wbem;C:\Windows\System32\WindowsPowerShell\v1.0\;D:\Work\Develop\Java\jdk1.8.0_45\bin;D:\Work\Develop\Apache\maven\apache-maven-3.5.0\bin;C:\Program Files\Git\cmd;D:\Work\Develop\Gradle\gradle-3.5\bin;C:\Program Files\MySQL\MySQL Utilities 1.6\;C:\Users\DIYILIU\AppData\Local\Microsoft\WindowsApps;;C:\Program Files (x86)\Fiddler2;.]
[INFO ] [2018-04-26 22:58:06] org.apache.catalina.core.ContainerBase.[Tomcat].[localhost].[/] [180] - Initializing Spring embedded WebApplicationContext
[INFO ] [2018-04-26 22:58:06] org.springframework.web.context.ContextLoader [285] - Root WebApplicationContext: initialization completed in 925 ms
[INFO ] [2018-04-26 22:58:06] org.springframework.boot.web.servlet.ServletRegistrationBean [185] - Servlet dispatcherServlet mapped to [/]
[INFO ] [2018-04-26 22:58:06] org.springframework.boot.web.servlet.FilterRegistrationBean [243] - Mapping filter: 'characterEncodingFilter' to: [/*]
[INFO ] [2018-04-26 22:58:06] org.springframework.boot.web.servlet.FilterRegistrationBean [243] - Mapping filter: 'hiddenHttpMethodFilter' to: [/*]
[INFO ] [2018-04-26 22:58:06] org.springframework.boot.web.servlet.FilterRegistrationBean [243] - Mapping filter: 'httpPutFormContentFilter' to: [/*]
[INFO ] [2018-04-26 22:58:06] org.springframework.boot.web.servlet.FilterRegistrationBean [243] - Mapping filter: 'requestContextFilter' to: [/*]
[INFO ] [2018-04-26 22:58:06] org.springframework.boot.web.servlet.FilterRegistrationBean [243] - Mapping filter: 'httpTraceFilter' to: [/*]
[INFO ] [2018-04-26 22:58:06] org.springframework.boot.web.servlet.FilterRegistrationBean [243] - Mapping filter: 'webMvcMetricsFilter' to: [/*]
[INFO ] [2018-04-26 22:58:06] com.alibaba.druid.pool.DruidDataSource [106] - {dataSource-1} inited
[INFO ] [2018-04-26 22:58:06] org.springframework.orm.jpa.LocalContainerEntityManagerFactoryBean [361] - Building JPA container EntityManagerFactory for persistence unit 'default'
[INFO ] [2018-04-26 22:58:06] org.hibernate.jpa.internal.util.LogHelper [31] - HHH000204: Processing PersistenceUnitInfo [
	name: default
	...]
[INFO ] [2018-04-26 22:58:07] org.hibernate.Version [45] - HHH000412: Hibernate Core {5.2.14.Final}
[INFO ] [2018-04-26 22:58:07] org.hibernate.cfg.Environment [213] - HHH000206: hibernate.properties not found
[INFO ] [2018-04-26 22:58:07] org.hibernate.annotations.common.Version [66] - HCANN000001: Hibernate Commons Annotations {5.0.1.Final}
[INFO ] [2018-04-26 22:58:07] org.hibernate.dialect.Dialect [157] - HHH000400: Using dialect: org.hibernate.dialect.MySQL5Dialect
[INFO ] [2018-04-26 22:58:07] org.springframework.orm.jpa.LocalContainerEntityManagerFactoryBean [394] - Initialized JPA EntityManagerFactory for persistence unit 'default'
[INFO ] [2018-04-26 22:58:07] org.springframework.web.servlet.mvc.method.annotation.RequestMappingHandlerAdapter [567] - Looking for @ControllerAdvice: org.springframework.boot.web.servlet.context.AnnotationConfigServletWebServerApplicationContext@7e5afaa6: startup date [Thu Apr 26 22:58:05 CST 2018]; root of context hierarchy
[INFO ] [2018-04-26 22:58:07] org.springframework.web.servlet.mvc.method.annotation.RequestMappingHandlerMapping [548] - Mapped "{[/],methods=[GET]}" onto public java.lang.String com.diyiliu.web.home.HomeController.index()
[INFO ] [2018-04-26 22:58:07] org.springframework.web.servlet.mvc.method.annotation.RequestMappingHandlerMapping [548] - Mapped "{[/error]}" onto public org.springframework.http.ResponseEntity<java.util.Map<java.lang.String, java.lang.Object>> org.springframework.boot.autoconfigure.web.servlet.error.BasicErrorController.error(javax.servlet.http.HttpServletRequest)
[INFO ] [2018-04-26 22:58:07] org.springframework.web.servlet.mvc.method.annotation.RequestMappingHandlerMapping [548] - Mapped "{[/error],produces=[text/html]}" onto public org.springframework.web.servlet.ModelAndView org.springframework.boot.autoconfigure.web.servlet.error.BasicErrorController.errorHtml(javax.servlet.http.HttpServletRequest,javax.servlet.http.HttpServletResponse)
[INFO ] [2018-04-26 22:58:07] org.springframework.web.servlet.handler.SimpleUrlHandlerMapping [373] - Mapped URL path [/webjars/**] onto handler of type [class org.springframework.web.servlet.resource.ResourceHttpRequestHandler]
[INFO ] [2018-04-26 22:58:07] org.springframework.web.servlet.handler.SimpleUrlHandlerMapping [373] - Mapped URL path [/static/**] onto handler of type [class org.springframework.web.servlet.resource.ResourceHttpRequestHandler]
[INFO ] [2018-04-26 22:58:07] org.springframework.web.servlet.handler.SimpleUrlHandlerMapping [373] - Mapped URL path [/**/favicon.ico] onto handler of type [class org.springframework.web.servlet.resource.ResourceHttpRequestHandler]
[INFO ] [2018-04-26 22:58:07] org.springframework.boot.autoconfigure.web.servlet.WelcomePageHandlerMapping [61] - Adding welcome page template: index
[INFO ] [2018-04-26 22:58:07] org.springframework.boot.actuate.endpoint.web.servlet.WebMvcEndpointHandlerMapping [548] - Mapped "{[/actuator/health],methods=[GET],produces=[application/vnd.spring-boot.actuator.v2+json || application/json]}" onto public java.lang.Object org.springframework.boot.actuate.endpoint.web.servlet.AbstractWebMvcEndpointHandlerMapping$OperationHandler.handle(javax.servlet.http.HttpServletRequest,java.util.Map<java.lang.String, java.lang.String>)
[INFO ] [2018-04-26 22:58:07] org.springframework.boot.actuate.endpoint.web.servlet.WebMvcEndpointHandlerMapping [548] - Mapped "{[/actuator/info],methods=[GET],produces=[application/vnd.spring-boot.actuator.v2+json || application/json]}" onto public java.lang.Object org.springframework.boot.actuate.endpoint.web.servlet.AbstractWebMvcEndpointHandlerMapping$OperationHandler.handle(javax.servlet.http.HttpServletRequest,java.util.Map<java.lang.String, java.lang.String>)
[INFO ] [2018-04-26 22:58:07] org.springframework.boot.actuate.endpoint.web.servlet.WebMvcEndpointHandlerMapping [548] - Mapped "{[/actuator],methods=[GET],produces=[application/vnd.spring-boot.actuator.v2+json || application/json]}" onto protected java.util.Map<java.lang.String, java.util.Map<java.lang.String, org.springframework.boot.actuate.endpoint.web.Link>> org.springframework.boot.actuate.endpoint.web.servlet.WebMvcEndpointHandlerMapping.links(javax.servlet.http.HttpServletRequest,javax.servlet.http.HttpServletResponse)
[INFO ] [2018-04-26 22:58:07] org.springframework.jmx.export.annotation.AnnotationMBeanExporter [434] - Registering beans for JMX exposure on startup
[INFO ] [2018-04-26 22:58:07] org.springframework.jmx.export.annotation.AnnotationMBeanExporter [896] - Bean with name 'dataSource' has been autodetected for JMX exposure
[INFO ] [2018-04-26 22:58:07] org.springframework.jmx.export.annotation.AnnotationMBeanExporter [669] - Located MBean 'dataSource': registering with JMX server as MBean [com.alibaba.druid.pool:name=dataSource,type=DruidDataSource]
[INFO ] [2018-04-26 22:58:07] org.apache.coyote.http11.Http11NioProtocol [180] - Starting ProtocolHandler ["http-nio-8080"]
[INFO ] [2018-04-26 22:58:07] org.apache.tomcat.util.net.NioSelectorPool [180] - Using a shared selector for servlet write/read
[INFO ] [2018-04-26 22:58:07] org.springframework.boot.web.embedded.tomcat.TomcatWebServer [205] - Tomcat started on port(s): 8080 (http) with context path ''
[INFO ] [2018-04-26 22:58:07] com.diyiliu.Application [59] - Started Application in 3.041 seconds (JVM running for 3.508)
[INFO ] [2018-04-26 22:58:08] org.apache.catalina.core.ContainerBase.[Tomcat].[localhost].[/] [180] - Initializing Spring FrameworkServlet 'dispatcherServlet'
[INFO ] [2018-04-26 22:58:08] org.springframework.web.servlet.DispatcherServlet [494] - FrameworkServlet 'dispatcherServlet': initialization started
[INFO ] [2018-04-26 22:58:08] org.springframework.web.servlet.DispatcherServlet [513] - FrameworkServlet 'dispatcherServlet': initialization completed in 9 ms
[INFO ] [2018-04-26 22:59:57] com.diyiliu.Application [50] - Starting Application on DESKTOP-20MVDTK with PID 7356 (D:\Work\Workspace\java\dyl-admin-v3\out\production\classes started by DIYILIU in D:\Work\Workspace\java\dyl-admin-v3)
[INFO ] [2018-04-26 22:59:57] com.diyiliu.Application [656] - The following profiles are active: dev
[INFO ] [2018-04-26 22:59:57] org.springframework.boot.web.servlet.context.AnnotationConfigServletWebServerApplicationContext [589] - Refreshing org.springframework.boot.web.servlet.context.AnnotationConfigServletWebServerApplicationContext@5403f35f: startup date [Thu Apr 26 22:59:57 CST 2018]; root of context hierarchy
[INFO ] [2018-04-26 22:59:58] org.springframework.context.support.PostProcessorRegistrationDelegate$BeanPostProcessorChecker [328] - Bean 'org.springframework.transaction.annotation.ProxyTransactionManagementConfiguration' of type [org.springframework.transaction.annotation.ProxyTransactionManagementConfiguration$$EnhancerBySpringCGLIB$$593dc013] is not eligible for getting processed by all BeanPostProcessors (for example: not eligible for auto-proxying)
[INFO ] [2018-04-26 22:59:58] org.springframework.boot.web.embedded.tomcat.TomcatWebServer [91] - Tomcat initialized with port(s): 8080 (http)
[INFO ] [2018-04-26 22:59:58] org.apache.coyote.http11.Http11NioProtocol [180] - Initializing ProtocolHandler ["http-nio-8080"]
[INFO ] [2018-04-26 22:59:58] org.apache.catalina.core.StandardService [180] - Starting service [Tomcat]
[INFO ] [2018-04-26 22:59:58] org.apache.catalina.core.StandardEngine [180] - Starting Servlet Engine: Apache Tomcat/8.5.28
[INFO ] [2018-04-26 22:59:58] org.apache.catalina.core.AprLifecycleListener [180] - The APR based Apache Tomcat Native library which allows optimal performance in production environments was not found on the java.library.path: [D:\Work\Develop\Java\jdk1.8.0_45\bin;C:\Windows\Sun\Java\bin;C:\Windows\system32;C:\Windows;C:\ProgramData\Oracle\Java\javapath;C:\Windows\system32;C:\Windows;C:\Windows\System32\Wbem;C:\Windows\System32\WindowsPowerShell\v1.0\;D:\Work\Develop\Java\jdk1.8.0_45\bin;D:\Work\Develop\Apache\maven\apache-maven-3.5.0\bin;C:\Program Files\Git\cmd;D:\Work\Develop\Gradle\gradle-3.5\bin;C:\Program Files\MySQL\MySQL Utilities 1.6\;C:\Users\DIYILIU\AppData\Local\Microsoft\WindowsApps;;C:\Program Files (x86)\Fiddler2;.]
[INFO ] [2018-04-26 22:59:58] org.apache.catalina.core.ContainerBase.[Tomcat].[localhost].[/] [180] - Initializing Spring embedded WebApplicationContext
[INFO ] [2018-04-26 22:59:58] org.springframework.web.context.ContextLoader [285] - Root WebApplicationContext: initialization completed in 938 ms
[INFO ] [2018-04-26 22:59:59] org.springframework.boot.web.servlet.ServletRegistrationBean [185] - Servlet dispatcherServlet mapped to [/]
[INFO ] [2018-04-26 22:59:59] org.springframework.boot.web.servlet.FilterRegistrationBean [243] - Mapping filter: 'characterEncodingFilter' to: [/*]
[INFO ] [2018-04-26 22:59:59] org.springframework.boot.web.servlet.FilterRegistrationBean [243] - Mapping filter: 'hiddenHttpMethodFilter' to: [/*]
[INFO ] [2018-04-26 22:59:59] org.springframework.boot.web.servlet.FilterRegistrationBean [243] - Mapping filter: 'httpPutFormContentFilter' to: [/*]
[INFO ] [2018-04-26 22:59:59] org.springframework.boot.web.servlet.FilterRegistrationBean [243] - Mapping filter: 'requestContextFilter' to: [/*]
[INFO ] [2018-04-26 22:59:59] org.springframework.boot.web.servlet.FilterRegistrationBean [243] - Mapping filter: 'httpTraceFilter' to: [/*]
[INFO ] [2018-04-26 22:59:59] org.springframework.boot.web.servlet.FilterRegistrationBean [243] - Mapping filter: 'webMvcMetricsFilter' to: [/*]
[INFO ] [2018-04-26 22:59:59] com.alibaba.druid.pool.DruidDataSource [106] - {dataSource-1} inited
[INFO ] [2018-04-26 22:59:59] org.springframework.orm.jpa.LocalContainerEntityManagerFactoryBean [361] - Building JPA container EntityManagerFactory for persistence unit 'default'
[INFO ] [2018-04-26 22:59:59] org.hibernate.jpa.internal.util.LogHelper [31] - HHH000204: Processing PersistenceUnitInfo [
	name: default
	...]
[INFO ] [2018-04-26 22:59:59] org.hibernate.Version [45] - HHH000412: Hibernate Core {5.2.14.Final}
[INFO ] [2018-04-26 22:59:59] org.hibernate.cfg.Environment [213] - HHH000206: hibernate.properties not found
[INFO ] [2018-04-26 22:59:59] org.hibernate.annotations.common.Version [66] - HCANN000001: Hibernate Commons Annotations {5.0.1.Final}
[INFO ] [2018-04-26 22:59:59] org.hibernate.dialect.Dialect [157] - HHH000400: Using dialect: org.hibernate.dialect.MySQL5Dialect
[INFO ] [2018-04-26 22:59:59] org.springframework.orm.jpa.LocalContainerEntityManagerFactoryBean [394] - Initialized JPA EntityManagerFactory for persistence unit 'default'
[INFO ] [2018-04-26 22:59:59] org.springframework.web.servlet.mvc.method.annotation.RequestMappingHandlerAdapter [567] - Looking for @ControllerAdvice: org.springframework.boot.web.servlet.context.AnnotationConfigServletWebServerApplicationContext@5403f35f: startup date [Thu Apr 26 22:59:57 CST 2018]; root of context hierarchy
[INFO ] [2018-04-26 22:59:59] org.springframework.web.servlet.mvc.method.annotation.RequestMappingHandlerMapping [548] - Mapped "{[/],methods=[GET]}" onto public java.lang.String com.diyiliu.web.home.HomeController.index()
[INFO ] [2018-04-26 22:59:59] org.springframework.web.servlet.mvc.method.annotation.RequestMappingHandlerMapping [548] - Mapped "{[/error]}" onto public org.springframework.http.ResponseEntity<java.util.Map<java.lang.String, java.lang.Object>> org.springframework.boot.autoconfigure.web.servlet.error.BasicErrorController.error(javax.servlet.http.HttpServletRequest)
[INFO ] [2018-04-26 22:59:59] org.springframework.web.servlet.mvc.method.annotation.RequestMappingHandlerMapping [548] - Mapped "{[/error],produces=[text/html]}" onto public org.springframework.web.servlet.ModelAndView org.springframework.boot.autoconfigure.web.servlet.error.BasicErrorController.errorHtml(javax.servlet.http.HttpServletRequest,javax.servlet.http.HttpServletResponse)
[INFO ] [2018-04-26 22:59:59] org.springframework.web.servlet.handler.SimpleUrlHandlerMapping [373] - Mapped URL path [/webjars/**] onto handler of type [class org.springframework.web.servlet.resource.ResourceHttpRequestHandler]
[INFO ] [2018-04-26 22:59:59] org.springframework.web.servlet.handler.SimpleUrlHandlerMapping [373] - Mapped URL path [/static/**] onto handler of type [class org.springframework.web.servlet.resource.ResourceHttpRequestHandler]
[INFO ] [2018-04-26 23:00:00] org.springframework.web.servlet.handler.SimpleUrlHandlerMapping [373] - Mapped URL path [/**/favicon.ico] onto handler of type [class org.springframework.web.servlet.resource.ResourceHttpRequestHandler]
[INFO ] [2018-04-26 23:00:00] org.springframework.boot.autoconfigure.web.servlet.WelcomePageHandlerMapping [61] - Adding welcome page template: index
[INFO ] [2018-04-26 23:00:00] org.springframework.boot.actuate.endpoint.web.servlet.WebMvcEndpointHandlerMapping [548] - Mapped "{[/actuator/health],methods=[GET],produces=[application/vnd.spring-boot.actuator.v2+json || application/json]}" onto public java.lang.Object org.springframework.boot.actuate.endpoint.web.servlet.AbstractWebMvcEndpointHandlerMapping$OperationHandler.handle(javax.servlet.http.HttpServletRequest,java.util.Map<java.lang.String, java.lang.String>)
[INFO ] [2018-04-26 23:00:00] org.springframework.boot.actuate.endpoint.web.servlet.WebMvcEndpointHandlerMapping [548] - Mapped "{[/actuator/info],methods=[GET],produces=[application/vnd.spring-boot.actuator.v2+json || application/json]}" onto public java.lang.Object org.springframework.boot.actuate.endpoint.web.servlet.AbstractWebMvcEndpointHandlerMapping$OperationHandler.handle(javax.servlet.http.HttpServletRequest,java.util.Map<java.lang.String, java.lang.String>)
[INFO ] [2018-04-26 23:00:00] org.springframework.boot.actuate.endpoint.web.servlet.WebMvcEndpointHandlerMapping [548] - Mapped "{[/actuator],methods=[GET],produces=[application/vnd.spring-boot.actuator.v2+json || application/json]}" onto protected java.util.Map<java.lang.String, java.util.Map<java.lang.String, org.springframework.boot.actuate.endpoint.web.Link>> org.springframework.boot.actuate.endpoint.web.servlet.WebMvcEndpointHandlerMapping.links(javax.servlet.http.HttpServletRequest,javax.servlet.http.HttpServletResponse)
[INFO ] [2018-04-26 23:00:00] org.springframework.jmx.export.annotation.AnnotationMBeanExporter [434] - Registering beans for JMX exposure on startup
[INFO ] [2018-04-26 23:00:00] org.springframework.jmx.export.annotation.AnnotationMBeanExporter [896] - Bean with name 'dataSource' has been autodetected for JMX exposure
[INFO ] [2018-04-26 23:00:00] org.springframework.jmx.export.annotation.AnnotationMBeanExporter [669] - Located MBean 'dataSource': registering with JMX server as MBean [com.alibaba.druid.pool:name=dataSource,type=DruidDataSource]
[INFO ] [2018-04-26 23:00:00] org.apache.coyote.http11.Http11NioProtocol [180] - Starting ProtocolHandler ["http-nio-8080"]
[INFO ] [2018-04-26 23:00:00] org.apache.tomcat.util.net.NioSelectorPool [180] - Using a shared selector for servlet write/read
[INFO ] [2018-04-26 23:00:00] org.springframework.boot.web.embedded.tomcat.TomcatWebServer [205] - Tomcat started on port(s): 8080 (http) with context path ''
[INFO ] [2018-04-26 23:00:00] com.diyiliu.Application [59] - Started Application in 3.085 seconds (JVM running for 3.553)
[INFO ] [2018-04-26 23:00:00] org.apache.catalina.core.ContainerBase.[Tomcat].[localhost].[/] [180] - Initializing Spring FrameworkServlet 'dispatcherServlet'
[INFO ] [2018-04-26 23:00:00] org.springframework.web.servlet.DispatcherServlet [494] - FrameworkServlet 'dispatcherServlet': initialization started
[INFO ] [2018-04-26 23:00:00] org.springframework.web.servlet.DispatcherServlet [513] - FrameworkServlet 'dispatcherServlet': initialization completed in 10 ms
[INFO ] [2018-04-26 23:00:59] com.diyiliu.Application [50] - Starting Application on DESKTOP-20MVDTK with PID 7316 (D:\Work\Workspace\java\dyl-admin-v3\out\production\classes started by DIYILIU in D:\Work\Workspace\java\dyl-admin-v3)
[INFO ] [2018-04-26 23:00:59] com.diyiliu.Application [656] - The following profiles are active: dev
[INFO ] [2018-04-26 23:00:59] org.springframework.boot.web.servlet.context.AnnotationConfigServletWebServerApplicationContext [589] - Refreshing org.springframework.boot.web.servlet.context.AnnotationConfigServletWebServerApplicationContext@49c7b90e: startup date [Thu Apr 26 23:00:59 CST 2018]; root of context hierarchy
[INFO ] [2018-04-26 23:01:00] org.springframework.context.support.PostProcessorRegistrationDelegate$BeanPostProcessorChecker [328] - Bean 'org.springframework.transaction.annotation.ProxyTransactionManagementConfiguration' of type [org.springframework.transaction.annotation.ProxyTransactionManagementConfiguration$$EnhancerBySpringCGLIB$$640a82f2] is not eligible for getting processed by all BeanPostProcessors (for example: not eligible for auto-proxying)
[INFO ] [2018-04-26 23:01:00] org.springframework.boot.web.embedded.tomcat.TomcatWebServer [91] - Tomcat initialized with port(s): 8080 (http)
[INFO ] [2018-04-26 23:01:00] org.apache.coyote.http11.Http11NioProtocol [180] - Initializing ProtocolHandler ["http-nio-8080"]
[INFO ] [2018-04-26 23:01:00] org.apache.catalina.core.StandardService [180] - Starting service [Tomcat]
[INFO ] [2018-04-26 23:01:00] org.apache.catalina.core.StandardEngine [180] - Starting Servlet Engine: Apache Tomcat/8.5.28
[INFO ] [2018-04-26 23:01:00] org.apache.catalina.core.AprLifecycleListener [180] - The APR based Apache Tomcat Native library which allows optimal performance in production environments was not found on the java.library.path: [D:\Work\Develop\Java\jdk1.8.0_45\bin;C:\Windows\Sun\Java\bin;C:\Windows\system32;C:\Windows;C:\ProgramData\Oracle\Java\javapath;C:\Windows\system32;C:\Windows;C:\Windows\System32\Wbem;C:\Windows\System32\WindowsPowerShell\v1.0\;D:\Work\Develop\Java\jdk1.8.0_45\bin;D:\Work\Develop\Apache\maven\apache-maven-3.5.0\bin;C:\Program Files\Git\cmd;D:\Work\Develop\Gradle\gradle-3.5\bin;C:\Program Files\MySQL\MySQL Utilities 1.6\;C:\Users\DIYILIU\AppData\Local\Microsoft\WindowsApps;;C:\Program Files (x86)\Fiddler2;.]
[INFO ] [2018-04-26 23:01:00] org.apache.catalina.core.ContainerBase.[Tomcat].[localhost].[/] [180] - Initializing Spring embedded WebApplicationContext
[INFO ] [2018-04-26 23:01:00] org.springframework.web.context.ContextLoader [285] - Root WebApplicationContext: initialization completed in 896 ms
[INFO ] [2018-04-26 23:01:01] org.springframework.boot.web.servlet.ServletRegistrationBean [185] - Servlet dispatcherServlet mapped to [/]
[INFO ] [2018-04-26 23:01:01] org.springframework.boot.web.servlet.FilterRegistrationBean [243] - Mapping filter: 'characterEncodingFilter' to: [/*]
[INFO ] [2018-04-26 23:01:01] org.springframework.boot.web.servlet.FilterRegistrationBean [243] - Mapping filter: 'hiddenHttpMethodFilter' to: [/*]
[INFO ] [2018-04-26 23:01:01] org.springframework.boot.web.servlet.FilterRegistrationBean [243] - Mapping filter: 'httpPutFormContentFilter' to: [/*]
[INFO ] [2018-04-26 23:01:01] org.springframework.boot.web.servlet.FilterRegistrationBean [243] - Mapping filter: 'requestContextFilter' to: [/*]
[INFO ] [2018-04-26 23:01:01] org.springframework.boot.web.servlet.FilterRegistrationBean [243] - Mapping filter: 'httpTraceFilter' to: [/*]
[INFO ] [2018-04-26 23:01:01] org.springframework.boot.web.servlet.FilterRegistrationBean [243] - Mapping filter: 'webMvcMetricsFilter' to: [/*]
[INFO ] [2018-04-26 23:01:01] com.alibaba.druid.pool.DruidDataSource [106] - {dataSource-1} inited
[INFO ] [2018-04-26 23:01:01] org.springframework.orm.jpa.LocalContainerEntityManagerFactoryBean [361] - Building JPA container EntityManagerFactory for persistence unit 'default'
[INFO ] [2018-04-26 23:01:01] org.hibernate.jpa.internal.util.LogHelper [31] - HHH000204: Processing PersistenceUnitInfo [
	name: default
	...]
[INFO ] [2018-04-26 23:01:01] org.hibernate.Version [45] - HHH000412: Hibernate Core {5.2.14.Final}
[INFO ] [2018-04-26 23:01:01] org.hibernate.cfg.Environment [213] - HHH000206: hibernate.properties not found
[INFO ] [2018-04-26 23:01:01] org.hibernate.annotations.common.Version [66] - HCANN000001: Hibernate Commons Annotations {5.0.1.Final}
[INFO ] [2018-04-26 23:01:01] org.hibernate.dialect.Dialect [157] - HHH000400: Using dialect: org.hibernate.dialect.MySQL5Dialect
[INFO ] [2018-04-26 23:01:01] org.springframework.orm.jpa.LocalContainerEntityManagerFactoryBean [394] - Initialized JPA EntityManagerFactory for persistence unit 'default'
[INFO ] [2018-04-26 23:01:01] org.springframework.web.servlet.mvc.method.annotation.RequestMappingHandlerAdapter [567] - Looking for @ControllerAdvice: org.springframework.boot.web.servlet.context.AnnotationConfigServletWebServerApplicationContext@49c7b90e: startup date [Thu Apr 26 23:00:59 CST 2018]; root of context hierarchy
[INFO ] [2018-04-26 23:01:01] org.springframework.web.servlet.mvc.method.annotation.RequestMappingHandlerMapping [548] - Mapped "{[/],methods=[GET]}" onto public java.lang.String com.diyiliu.web.home.HomeController.index()
[INFO ] [2018-04-26 23:01:01] org.springframework.web.servlet.mvc.method.annotation.RequestMappingHandlerMapping [548] - Mapped "{[/error]}" onto public org.springframework.http.ResponseEntity<java.util.Map<java.lang.String, java.lang.Object>> org.springframework.boot.autoconfigure.web.servlet.error.BasicErrorController.error(javax.servlet.http.HttpServletRequest)
[INFO ] [2018-04-26 23:01:01] org.springframework.web.servlet.mvc.method.annotation.RequestMappingHandlerMapping [548] - Mapped "{[/error],produces=[text/html]}" onto public org.springframework.web.servlet.ModelAndView org.springframework.boot.autoconfigure.web.servlet.error.BasicErrorController.errorHtml(javax.servlet.http.HttpServletRequest,javax.servlet.http.HttpServletResponse)
[INFO ] [2018-04-26 23:01:01] org.springframework.web.servlet.handler.SimpleUrlHandlerMapping [373] - Mapped URL path [/webjars/**] onto handler of type [class org.springframework.web.servlet.resource.ResourceHttpRequestHandler]
[INFO ] [2018-04-26 23:01:01] org.springframework.web.servlet.handler.SimpleUrlHandlerMapping [373] - Mapped URL path [/static/**] onto handler of type [class org.springframework.web.servlet.resource.ResourceHttpRequestHandler]
[INFO ] [2018-04-26 23:01:01] org.springframework.web.servlet.handler.SimpleUrlHandlerMapping [373] - Mapped URL path [/**/favicon.ico] onto handler of type [class org.springframework.web.servlet.resource.ResourceHttpRequestHandler]
[INFO ] [2018-04-26 23:01:01] org.springframework.boot.autoconfigure.web.servlet.WelcomePageHandlerMapping [61] - Adding welcome page template: index
[INFO ] [2018-04-26 23:01:02] org.springframework.boot.actuate.endpoint.web.servlet.WebMvcEndpointHandlerMapping [548] - Mapped "{[/actuator/health],methods=[GET],produces=[application/vnd.spring-boot.actuator.v2+json || application/json]}" onto public java.lang.Object org.springframework.boot.actuate.endpoint.web.servlet.AbstractWebMvcEndpointHandlerMapping$OperationHandler.handle(javax.servlet.http.HttpServletRequest,java.util.Map<java.lang.String, java.lang.String>)
[INFO ] [2018-04-26 23:01:02] org.springframework.boot.actuate.endpoint.web.servlet.WebMvcEndpointHandlerMapping [548] - Mapped "{[/actuator/info],methods=[GET],produces=[application/vnd.spring-boot.actuator.v2+json || application/json]}" onto public java.lang.Object org.springframework.boot.actuate.endpoint.web.servlet.AbstractWebMvcEndpointHandlerMapping$OperationHandler.handle(javax.servlet.http.HttpServletRequest,java.util.Map<java.lang.String, java.lang.String>)
[INFO ] [2018-04-26 23:01:02] org.springframework.boot.actuate.endpoint.web.servlet.WebMvcEndpointHandlerMapping [548] - Mapped "{[/actuator],methods=[GET],produces=[application/vnd.spring-boot.actuator.v2+json || application/json]}" onto protected java.util.Map<java.lang.String, java.util.Map<java.lang.String, org.springframework.boot.actuate.endpoint.web.Link>> org.springframework.boot.actuate.endpoint.web.servlet.WebMvcEndpointHandlerMapping.links(javax.servlet.http.HttpServletRequest,javax.servlet.http.HttpServletResponse)
[INFO ] [2018-04-26 23:01:02] org.springframework.jmx.export.annotation.AnnotationMBeanExporter [434] - Registering beans for JMX exposure on startup
[INFO ] [2018-04-26 23:01:02] org.springframework.jmx.export.annotation.AnnotationMBeanExporter [896] - Bean with name 'dataSource' has been autodetected for JMX exposure
[INFO ] [2018-04-26 23:01:02] org.springframework.jmx.export.annotation.AnnotationMBeanExporter [669] - Located MBean 'dataSource': registering with JMX server as MBean [com.alibaba.druid.pool:name=dataSource,type=DruidDataSource]
[INFO ] [2018-04-26 23:01:02] org.apache.coyote.http11.Http11NioProtocol [180] - Starting ProtocolHandler ["http-nio-8080"]
[INFO ] [2018-04-26 23:01:02] org.apache.tomcat.util.net.NioSelectorPool [180] - Using a shared selector for servlet write/read
[INFO ] [2018-04-26 23:01:02] org.springframework.boot.web.embedded.tomcat.TomcatWebServer [205] - Tomcat started on port(s): 8080 (http) with context path ''
[INFO ] [2018-04-26 23:01:02] com.diyiliu.Application [59] - Started Application in 2.974 seconds (JVM running for 3.444)
[INFO ] [2018-04-26 23:01:02] org.apache.catalina.core.ContainerBase.[Tomcat].[localhost].[/] [180] - Initializing Spring FrameworkServlet 'dispatcherServlet'
[INFO ] [2018-04-26 23:01:02] org.springframework.web.servlet.DispatcherServlet [494] - FrameworkServlet 'dispatcherServlet': initialization started
[INFO ] [2018-04-26 23:01:02] org.springframework.web.servlet.DispatcherServlet [513] - FrameworkServlet 'dispatcherServlet': initialization completed in 9 ms
[INFO ] [2018-04-26 23:03:35] com.diyiliu.Application [50] - Starting Application on DESKTOP-20MVDTK with PID 8320 (D:\Work\Workspace\java\dyl-admin-v3\out\production\classes started by DIYILIU in D:\Work\Workspace\java\dyl-admin-v3)
[INFO ] [2018-04-26 23:03:35] com.diyiliu.Application [656] - The following profiles are active: dev
[INFO ] [2018-04-26 23:03:35] org.springframework.boot.web.servlet.context.AnnotationConfigServletWebServerApplicationContext [589] - Refreshing org.springframework.boot.web.servlet.context.AnnotationConfigServletWebServerApplicationContext@4d5b6aac: startup date [Thu Apr 26 23:03:35 CST 2018]; root of context hierarchy
[INFO ] [2018-04-26 23:03:36] org.springframework.context.support.PostProcessorRegistrationDelegate$BeanPostProcessorChecker [328] - Bean 'org.springframework.transaction.annotation.ProxyTransactionManagementConfiguration' of type [org.springframework.transaction.annotation.ProxyTransactionManagementConfiguration$$EnhancerBySpringCGLIB$$1a09b92d] is not eligible for getting processed by all BeanPostProcessors (for example: not eligible for auto-proxying)
[INFO ] [2018-04-26 23:03:36] org.springframework.boot.web.embedded.tomcat.TomcatWebServer [91] - Tomcat initialized with port(s): 8080 (http)
[INFO ] [2018-04-26 23:03:36] org.apache.coyote.http11.Http11NioProtocol [180] - Initializing ProtocolHandler ["http-nio-8080"]
[INFO ] [2018-04-26 23:03:36] org.apache.catalina.core.StandardService [180] - Starting service [Tomcat]
[INFO ] [2018-04-26 23:03:36] org.apache.catalina.core.StandardEngine [180] - Starting Servlet Engine: Apache Tomcat/8.5.28
[INFO ] [2018-04-26 23:03:36] org.apache.catalina.core.AprLifecycleListener [180] - The APR based Apache Tomcat Native library which allows optimal performance in production environments was not found on the java.library.path: [D:\Work\Develop\Java\jdk1.8.0_45\bin;C:\Windows\Sun\Java\bin;C:\Windows\system32;C:\Windows;C:\ProgramData\Oracle\Java\javapath;C:\Windows\system32;C:\Windows;C:\Windows\System32\Wbem;C:\Windows\System32\WindowsPowerShell\v1.0\;D:\Work\Develop\Java\jdk1.8.0_45\bin;D:\Work\Develop\Apache\maven\apache-maven-3.5.0\bin;C:\Program Files\Git\cmd;D:\Work\Develop\Gradle\gradle-3.5\bin;C:\Program Files\MySQL\MySQL Utilities 1.6\;C:\Users\DIYILIU\AppData\Local\Microsoft\WindowsApps;;C:\Program Files (x86)\Fiddler2;.]
[INFO ] [2018-04-26 23:03:36] org.apache.catalina.core.ContainerBase.[Tomcat].[localhost].[/] [180] - Initializing Spring embedded WebApplicationContext
[INFO ] [2018-04-26 23:03:36] org.springframework.web.context.ContextLoader [285] - Root WebApplicationContext: initialization completed in 909 ms
[INFO ] [2018-04-26 23:03:36] org.springframework.boot.web.servlet.ServletRegistrationBean [185] - Servlet dispatcherServlet mapped to [/]
[INFO ] [2018-04-26 23:03:36] org.springframework.boot.web.servlet.FilterRegistrationBean [243] - Mapping filter: 'characterEncodingFilter' to: [/*]
[INFO ] [2018-04-26 23:03:36] org.springframework.boot.web.servlet.FilterRegistrationBean [243] - Mapping filter: 'hiddenHttpMethodFilter' to: [/*]
[INFO ] [2018-04-26 23:03:36] org.springframework.boot.web.servlet.FilterRegistrationBean [243] - Mapping filter: 'httpPutFormContentFilter' to: [/*]
[INFO ] [2018-04-26 23:03:36] org.springframework.boot.web.servlet.FilterRegistrationBean [243] - Mapping filter: 'requestContextFilter' to: [/*]
[INFO ] [2018-04-26 23:03:36] org.springframework.boot.web.servlet.FilterRegistrationBean [243] - Mapping filter: 'httpTraceFilter' to: [/*]
[INFO ] [2018-04-26 23:03:36] org.springframework.boot.web.servlet.FilterRegistrationBean [243] - Mapping filter: 'webMvcMetricsFilter' to: [/*]
[INFO ] [2018-04-26 23:03:37] com.alibaba.druid.pool.DruidDataSource [106] - {dataSource-1} inited
[INFO ] [2018-04-26 23:03:37] org.springframework.orm.jpa.LocalContainerEntityManagerFactoryBean [361] - Building JPA container EntityManagerFactory for persistence unit 'default'
[INFO ] [2018-04-26 23:03:37] org.hibernate.jpa.internal.util.LogHelper [31] - HHH000204: Processing PersistenceUnitInfo [
	name: default
	...]
[INFO ] [2018-04-26 23:03:37] org.hibernate.Version [45] - HHH000412: Hibernate Core {5.2.14.Final}
[INFO ] [2018-04-26 23:03:37] org.hibernate.cfg.Environment [213] - HHH000206: hibernate.properties not found
[INFO ] [2018-04-26 23:03:37] org.hibernate.annotations.common.Version [66] - HCANN000001: Hibernate Commons Annotations {5.0.1.Final}
[INFO ] [2018-04-26 23:03:37] org.hibernate.dialect.Dialect [157] - HHH000400: Using dialect: org.hibernate.dialect.MySQL5Dialect
[INFO ] [2018-04-26 23:03:37] org.springframework.orm.jpa.LocalContainerEntityManagerFactoryBean [394] - Initialized JPA EntityManagerFactory for persistence unit 'default'
[INFO ] [2018-04-26 23:03:37] org.springframework.web.servlet.mvc.method.annotation.RequestMappingHandlerAdapter [567] - Looking for @ControllerAdvice: org.springframework.boot.web.servlet.context.AnnotationConfigServletWebServerApplicationContext@4d5b6aac: startup date [Thu Apr 26 23:03:35 CST 2018]; root of context hierarchy
[INFO ] [2018-04-26 23:03:37] org.springframework.web.servlet.mvc.method.annotation.RequestMappingHandlerMapping [548] - Mapped "{[/],methods=[GET]}" onto public java.lang.String com.diyiliu.web.home.HomeController.index()
[INFO ] [2018-04-26 23:03:37] org.springframework.web.servlet.mvc.method.annotation.RequestMappingHandlerMapping [548] - Mapped "{[/error]}" onto public org.springframework.http.ResponseEntity<java.util.Map<java.lang.String, java.lang.Object>> org.springframework.boot.autoconfigure.web.servlet.error.BasicErrorController.error(javax.servlet.http.HttpServletRequest)
[INFO ] [2018-04-26 23:03:37] org.springframework.web.servlet.mvc.method.annotation.RequestMappingHandlerMapping [548] - Mapped "{[/error],produces=[text/html]}" onto public org.springframework.web.servlet.ModelAndView org.springframework.boot.autoconfigure.web.servlet.error.BasicErrorController.errorHtml(javax.servlet.http.HttpServletRequest,javax.servlet.http.HttpServletResponse)
[INFO ] [2018-04-26 23:03:37] org.springframework.web.servlet.handler.SimpleUrlHandlerMapping [373] - Mapped URL path [/webjars/**] onto handler of type [class org.springframework.web.servlet.resource.ResourceHttpRequestHandler]
[INFO ] [2018-04-26 23:03:37] org.springframework.web.servlet.handler.SimpleUrlHandlerMapping [373] - Mapped URL path [/static/**] onto handler of type [class org.springframework.web.servlet.resource.ResourceHttpRequestHandler]
[INFO ] [2018-04-26 23:03:37] org.springframework.web.servlet.handler.SimpleUrlHandlerMapping [373] - Mapped URL path [/**/favicon.ico] onto handler of type [class org.springframework.web.servlet.resource.ResourceHttpRequestHandler]
[INFO ] [2018-04-26 23:03:37] org.springframework.boot.autoconfigure.web.servlet.WelcomePageHandlerMapping [61] - Adding welcome page template: index
[INFO ] [2018-04-26 23:03:38] org.springframework.boot.actuate.endpoint.web.servlet.WebMvcEndpointHandlerMapping [548] - Mapped "{[/actuator/health],methods=[GET],produces=[application/vnd.spring-boot.actuator.v2+json || application/json]}" onto public java.lang.Object org.springframework.boot.actuate.endpoint.web.servlet.AbstractWebMvcEndpointHandlerMapping$OperationHandler.handle(javax.servlet.http.HttpServletRequest,java.util.Map<java.lang.String, java.lang.String>)
[INFO ] [2018-04-26 23:03:38] org.springframework.boot.actuate.endpoint.web.servlet.WebMvcEndpointHandlerMapping [548] - Mapped "{[/actuator/info],methods=[GET],produces=[application/vnd.spring-boot.actuator.v2+json || application/json]}" onto public java.lang.Object org.springframework.boot.actuate.endpoint.web.servlet.AbstractWebMvcEndpointHandlerMapping$OperationHandler.handle(javax.servlet.http.HttpServletRequest,java.util.Map<java.lang.String, java.lang.String>)
[INFO ] [2018-04-26 23:03:38] org.springframework.boot.actuate.endpoint.web.servlet.WebMvcEndpointHandlerMapping [548] - Mapped "{[/actuator],methods=[GET],produces=[application/vnd.spring-boot.actuator.v2+json || application/json]}" onto protected java.util.Map<java.lang.String, java.util.Map<java.lang.String, org.springframework.boot.actuate.endpoint.web.Link>> org.springframework.boot.actuate.endpoint.web.servlet.WebMvcEndpointHandlerMapping.links(javax.servlet.http.HttpServletRequest,javax.servlet.http.HttpServletResponse)
[INFO ] [2018-04-26 23:03:38] org.springframework.jmx.export.annotation.AnnotationMBeanExporter [434] - Registering beans for JMX exposure on startup
[INFO ] [2018-04-26 23:03:38] org.springframework.jmx.export.annotation.AnnotationMBeanExporter [896] - Bean with name 'dataSource' has been autodetected for JMX exposure
[INFO ] [2018-04-26 23:03:38] org.springframework.jmx.export.annotation.AnnotationMBeanExporter [669] - Located MBean 'dataSource': registering with JMX server as MBean [com.alibaba.druid.pool:name=dataSource,type=DruidDataSource]
[INFO ] [2018-04-26 23:03:38] org.apache.coyote.http11.Http11NioProtocol [180] - Starting ProtocolHandler ["http-nio-8080"]
[INFO ] [2018-04-26 23:03:38] org.apache.tomcat.util.net.NioSelectorPool [180] - Using a shared selector for servlet write/read
[INFO ] [2018-04-26 23:03:38] org.springframework.boot.web.embedded.tomcat.TomcatWebServer [205] - Tomcat started on port(s): 8080 (http) with context path ''
[INFO ] [2018-04-26 23:03:38] com.diyiliu.Application [59] - Started Application in 3.044 seconds (JVM running for 3.508)
[INFO ] [2018-04-26 23:03:38] org.apache.catalina.core.ContainerBase.[Tomcat].[localhost].[/] [180] - Initializing Spring FrameworkServlet 'dispatcherServlet'
[INFO ] [2018-04-26 23:03:38] org.springframework.web.servlet.DispatcherServlet [494] - FrameworkServlet 'dispatcherServlet': initialization started
[INFO ] [2018-04-26 23:03:38] org.springframework.web.servlet.DispatcherServlet [513] - FrameworkServlet 'dispatcherServlet': initialization completed in 10 ms
